app/build/intermediates/manifest_merge_blame_file/release/manifest-merger-blame-release-report.txt
1<?xml version="1.0" encoding="utf-8"?>
2<manifest xmlns:android="http://schemas.android.com/apk/res/android"
3    package="com.ghostgramlabs.speakalert"
4    android:versionCode="7"
5    android:versionName="1.6" >
6
7    <uses-sdk
8        android:minSdkVersion="26"
9        android:targetSdkVersion="35" />
10
11    <uses-permission android:name="android.permission.RECORD_AUDIO" />
11-->src\main\AndroidManifest.xml:5:5-71
11-->src\main\AndroidManifest.xml:5:22-68
12    <uses-permission android:name="android.permission.POST_NOTIFICATIONS" />
12-->src\main\AndroidManifest.xml:6:5-77
12-->src\main\AndroidManifest.xml:6:22-74
13    <uses-permission android:name="android.permission.SCHEDULE_EXACT_ALARM" />
13-->src\main\AndroidManifest.xml:7:5-79
13-->src\main\AndroidManifest.xml:7:22-76
14    <uses-permission android:name="android.permission.USE_EXACT_ALARM" />
14-->src\main\AndroidManifest.xml:8:5-74
14-->src\main\AndroidManifest.xml:8:22-71
15    <uses-permission android:name="android.permission.WAKE_LOCK" />
15-->src\main\AndroidManifest.xml:9:5-68
15-->src\main\AndroidManifest.xml:9:22-65
16    <uses-permission android:name="android.permission.RECEIVE_BOOT_COMPLETED" />
16-->src\main\AndroidManifest.xml:10:5-81
16-->src\main\AndroidManifest.xml:10:22-78
17    <uses-permission android:name="android.permission.VIBRATE" />
17-->src\main\AndroidManifest.xml:11:5-66
17-->src\main\AndroidManifest.xml:11:22-63
18    <uses-permission android:name="android.permission.FOREGROUND_SERVICE" />
18-->src\main\AndroidManifest.xml:12:5-77
18-->src\main\AndroidManifest.xml:12:22-74
19    <uses-permission android:name="android.permission.FOREGROUND_SERVICE_MEDIA_PLAYBACK" />
19-->src\main\AndroidManifest.xml:13:5-92
19-->src\main\AndroidManifest.xml:13:22-89
20    <uses-permission android:name="android.permission.WRITE_EXTERNAL_STORAGE" />
20-->src\main\AndroidManifest.xml:14:5-81
20-->src\main\AndroidManifest.xml:14:22-78
21    <uses-permission
21-->src\main\AndroidManifest.xml:15:5-16:38
22        android:name="android.permission.READ_EXTERNAL_STORAGE"
22-->src\main\AndroidManifest.xml:15:22-77
23        android:maxSdkVersion="32" />
23-->src\main\AndroidManifest.xml:16:9-35
24    <uses-permission android:name="android.permission.ACCESS_NETWORK_STATE" />
24-->[androidx.media3:media3-exoplayer:1.2.0] AndroidManifest.xml:22:5-79
24-->[androidx.media3:media3-exoplayer:1.2.0] AndroidManifest.xml:22:22-76
25
26    <permission
26-->[androidx.core:core:1.12.0] AndroidManifest.xml:22:5-24:47
27        android:name="com.ghostgramlabs.speakalert.DYNAMIC_RECEIVER_NOT_EXPORTED_PERMISSION"
27-->[androidx.core:core:1.12.0] AndroidManifest.xml:23:9-81
28        android:protectionLevel="signature" />
28-->[androidx.core:core:1.12.0] AndroidManifest.xml:24:9-44
29
30    <uses-permission android:name="com.ghostgramlabs.speakalert.DYNAMIC_RECEIVER_NOT_EXPORTED_PERMISSION" />
30-->[androidx.core:core:1.12.0] AndroidManifest.xml:26:5-97
30-->[androidx.core:core:1.12.0] AndroidManifest.xml:26:22-94
31
32    <application
32-->src\main\AndroidManifest.xml:18:5-78:19
33        android:name="com.ghostgramlabs.speakalert.VoiceReminderApp"
33-->src\main\AndroidManifest.xml:19:9-41
34        android:allowBackup="true"
34-->src\main\AndroidManifest.xml:21:9-35
35        android:appComponentFactory="androidx.core.app.CoreComponentFactory"
35-->[androidx.core:core:1.12.0] AndroidManifest.xml:28:18-86
36        android:dataExtractionRules="@xml/data_extraction_rules"
36-->src\main\AndroidManifest.xml:22:9-65
37        android:extractNativeLibs="false"
38        android:fullBackupContent="@xml/backup_rules"
38-->src\main\AndroidManifest.xml:23:9-54
39        android:icon="@mipmap/ic_launcher"
39-->src\main\AndroidManifest.xml:24:9-43
40        android:label="@string/app_name"
40-->src\main\AndroidManifest.xml:25:9-41
41        android:requestLegacyExternalStorage="true"
41-->src\main\AndroidManifest.xml:20:9-52
42        android:roundIcon="@mipmap/ic_launcher_round"
42-->src\main\AndroidManifest.xml:26:9-54
43        android:supportsRtl="true"
43-->src\main\AndroidManifest.xml:27:9-35
44        android:theme="@android:style/Theme.Material.Light.NoActionBar" >
44-->src\main\AndroidManifest.xml:28:9-72
45        <activity
45-->src\main\AndroidManifest.xml:31:9-39:20
46            android:name="com.ghostgramlabs.speakalert.MainActivity"
46-->src\main\AndroidManifest.xml:32:13-41
47            android:exported="true"
47-->src\main\AndroidManifest.xml:33:13-36
48            android:theme="@android:style/Theme.Material.Light.NoActionBar" >
48-->src\main\AndroidManifest.xml:34:13-76
49            <intent-filter>
49-->src\main\AndroidManifest.xml:35:13-38:29
50                <action android:name="android.intent.action.MAIN" />
50-->src\main\AndroidManifest.xml:36:17-69
50-->src\main\AndroidManifest.xml:36:25-66
51
52                <category android:name="android.intent.category.LAUNCHER" />
52-->src\main\AndroidManifest.xml:37:17-77
52-->src\main\AndroidManifest.xml:37:27-74
53            </intent-filter>
54        </activity>
55
56        <receiver
56-->src\main\AndroidManifest.xml:41:9-44:40
57            android:name="com.ghostgramlabs.speakalert.alarm.ReminderAlarmReceiver"
57-->src\main\AndroidManifest.xml:42:13-56
58            android:enabled="true"
58-->src\main\AndroidManifest.xml:43:13-35
59            android:exported="false" />
59-->src\main\AndroidManifest.xml:44:13-37
60        <receiver
60-->src\main\AndroidManifest.xml:46:9-49:40
61            android:name="com.ghostgramlabs.speakalert.alarm.ReminderActionReceiver"
61-->src\main\AndroidManifest.xml:47:13-57
62            android:enabled="true"
62-->src\main\AndroidManifest.xml:48:13-35
63            android:exported="false" />
63-->src\main\AndroidManifest.xml:49:13-37
64
65        <service
65-->src\main\AndroidManifest.xml:51:9-55:61
66            android:name="com.ghostgramlabs.speakalert.service.ReminderPlaybackService"
66-->src\main\AndroidManifest.xml:52:13-60
67            android:enabled="true"
67-->src\main\AndroidManifest.xml:53:13-35
68            android:exported="false"
68-->src\main\AndroidManifest.xml:54:13-37
69            android:foregroundServiceType="mediaPlayback" />
69-->src\main\AndroidManifest.xml:55:13-58
70
71        <receiver
71-->src\main\AndroidManifest.xml:57:9-66:20
72            android:name="com.ghostgramlabs.speakalert.alarm.BootReceiver"
72-->src\main\AndroidManifest.xml:58:13-47
73            android:enabled="true"
73-->src\main\AndroidManifest.xml:59:13-35
74            android:exported="false" >
74-->src\main\AndroidManifest.xml:60:13-37
75            <intent-filter>
75-->src\main\AndroidManifest.xml:61:13-65:29
76                <action android:name="android.intent.action.BOOT_COMPLETED" />
76-->src\main\AndroidManifest.xml:62:17-79
76-->src\main\AndroidManifest.xml:62:25-76
77                <action android:name="android.intent.action.TIME_CHANGED" />
77-->src\main\AndroidManifest.xml:63:17-77
77-->src\main\AndroidManifest.xml:63:25-74
78                <action android:name="android.intent.action.TIMEZONE_CHANGED" />
78-->src\main\AndroidManifest.xml:64:17-81
78-->src\main\AndroidManifest.xml:64:25-78
79            </intent-filter>
80        </receiver>
81
82        <provider
83            android:name="androidx.core.content.FileProvider"
83-->src\main\AndroidManifest.xml:69:13-62
84            android:authorities="com.ghostgramlabs.speakalert.fileprovider"
84-->src\main\AndroidManifest.xml:70:13-64
85            android:exported="false"
85-->src\main\AndroidManifest.xml:71:13-37
86            android:grantUriPermissions="true" >
86-->src\main\AndroidManifest.xml:72:13-47
87            <meta-data
87-->src\main\AndroidManifest.xml:73:13-75:54
88                android:name="android.support.FILE_PROVIDER_PATHS"
88-->src\main\AndroidManifest.xml:74:17-67
89                android:resource="@xml/file_paths" />
89-->src\main\AndroidManifest.xml:75:17-51
90        </provider>
91
92        <service
92-->[androidx.room:room-runtime:2.6.0] AndroidManifest.xml:24:9-28:63
93            android:name="androidx.room.MultiInstanceInvalidationService"
93-->[androidx.room:room-runtime:2.6.0] AndroidManifest.xml:25:13-74
94            android:directBootAware="true"
94-->[androidx.room:room-runtime:2.6.0] AndroidManifest.xml:26:13-43
95            android:exported="false" />
95-->[androidx.room:room-runtime:2.6.0] AndroidManifest.xml:27:13-37
96
97        <meta-data
97-->[com.google.android.gms:play-services-basement:18.1.0] AndroidManifest.xml:21:9-23:69
98            android:name="com.google.android.gms.version"
98-->[com.google.android.gms:play-services-basement:18.1.0] AndroidManifest.xml:22:13-58
99            android:value="@integer/google_play_services_version" />
99-->[com.google.android.gms:play-services-basement:18.1.0] AndroidManifest.xml:23:13-66
100
101        <provider
101-->[androidx.emoji2:emoji2:1.4.0] AndroidManifest.xml:24:9-32:20
102            android:name="androidx.startup.InitializationProvider"
102-->[androidx.emoji2:emoji2:1.4.0] AndroidManifest.xml:25:13-67
103            android:authorities="com.ghostgramlabs.speakalert.androidx-startup"
103-->[androidx.emoji2:emoji2:1.4.0] AndroidManifest.xml:26:13-68
104            android:exported="false" >
104-->[androidx.emoji2:emoji2:1.4.0] AndroidManifest.xml:27:13-37
105            <meta-data
105-->[androidx.emoji2:emoji2:1.4.0] AndroidManifest.xml:29:13-31:52
106                android:name="androidx.emoji2.text.EmojiCompatInitializer"
106-->[androidx.emoji2:emoji2:1.4.0] AndroidManifest.xml:30:17-75
107                android:value="androidx.startup" />
107-->[androidx.emoji2:emoji2:1.4.0] AndroidManifest.xml:31:17-49
108            <meta-data
108-->[androidx.lifecycle:lifecycle-process:2.6.2] AndroidManifest.xml:29:13-31:52
109                android:name="androidx.lifecycle.ProcessLifecycleInitializer"
109-->[androidx.lifecycle:lifecycle-process:2.6.2] AndroidManifest.xml:30:17-78
110                android:value="androidx.startup" />
110-->[androidx.lifecycle:lifecycle-process:2.6.2] AndroidManifest.xml:31:17-49
111            <meta-data
111-->[androidx.profileinstaller:profileinstaller:1.3.0] AndroidManifest.xml:29:13-31:52
112                android:name="androidx.profileinstaller.ProfileInstallerInitializer"
112-->[androidx.profileinstaller:profileinstaller:1.3.0] AndroidManifest.xml:30:17-85
113                android:value="androidx.startup" />
113-->[androidx.profileinstaller:profileinstaller:1.3.0] AndroidManifest.xml:31:17-49
114        </provider>
115
116        <receiver
116-->[androidx.profileinstaller:profileinstaller:1.3.0] AndroidManifest.xml:34:9-52:20
117            android:name="androidx.profileinstaller.ProfileInstallReceiver"
117-->[androidx.profileinstaller:profileinstaller:1.3.0] AndroidManifest.xml:35:13-76
118            android:directBootAware="false"
118-->[androidx.profileinstaller:profileinstaller:1.3.0] AndroidManifest.xml:36:13-44
119            android:enabled="true"
119-->[androidx.profileinstaller:profileinstaller:1.3.0] AndroidManifest.xml:37:13-35
120            android:exported="true"
120-->[androidx.profileinstaller:profileinstaller:1.3.0] AndroidManifest.xml:38:13-36
121            android:permission="android.permission.DUMP" >
121-->[androidx.profileinstaller:profileinstaller:1.3.0] AndroidManifest.xml:39:13-57
122            <intent-filter>
122-->[androidx.profileinstaller:profileinstaller:1.3.0] AndroidManifest.xml:40:13-42:29
123                <action android:name="androidx.profileinstaller.action.INSTALL_PROFILE" />
123-->[androidx.profileinstaller:profileinstaller:1.3.0] AndroidManifest.xml:41:17-91
123-->[androidx.profileinstaller:profileinstaller:1.3.0] AndroidManifest.xml:41:25-88
124            </intent-filter>
125            <intent-filter>
125-->[androidx.profileinstaller:profileinstaller:1.3.0] AndroidManifest.xml:43:13-45:29
126                <action android:name="androidx.profileinstaller.action.SKIP_FILE" />
126-->[androidx.profileinstaller:profileinstaller:1.3.0] AndroidManifest.xml:44:17-85
126-->[androidx.profileinstaller:profileinstaller:1.3.0] AndroidManifest.xml:44:25-82
127            </intent-filter>
128            <intent-filter>
128-->[androidx.profileinstaller:profileinstaller:1.3.0] AndroidManifest.xml:46:13-48:29
129                <action android:name="androidx.profileinstaller.action.SAVE_PROFILE" />
129-->[androidx.profileinstaller:profileinstaller:1.3.0] AndroidManifest.xml:47:17-88
129-->[androidx.profileinstaller:profileinstaller:1.3.0] AndroidManifest.xml:47:25-85
130            </intent-filter>
131            <intent-filter>
131-->[androidx.profileinstaller:profileinstaller:1.3.0] AndroidManifest.xml:49:13-51:29
132                <action android:name="androidx.profileinstaller.action.BENCHMARK_OPERATION" />
132-->[androidx.profileinstaller:profileinstaller:1.3.0] AndroidManifest.xml:50:17-95
132-->[androidx.profileinstaller:profileinstaller:1.3.0] AndroidManifest.xml:50:25-92
133            </intent-filter>
134        </receiver> <!-- The activities will be merged into the manifest of the hosting app. -->
135        <activity
135-->[com.google.android.play:core-common:2.0.2] AndroidManifest.xml:14:9-18:65
136            android:name="com.google.android.play.core.common.PlayCoreDialogWrapperActivity"
136-->[com.google.android.play:core-common:2.0.2] AndroidManifest.xml:15:13-93
137            android:exported="false"
137-->[com.google.android.play:core-common:2.0.2] AndroidManifest.xml:16:13-37
138            android:stateNotNeeded="true"
138-->[com.google.android.play:core-common:2.0.2] AndroidManifest.xml:17:13-42
139            android:theme="@style/Theme.PlayCore.Transparent" />
139-->[com.google.android.play:core-common:2.0.2] AndroidManifest.xml:18:13-62
140    </application>
141
142</manifest>